Using pre-set license
Built from '2020.3/staging' branch; Version is '2020.3.20f1 (41c4e627c95f) revision 4310246'; Using compiler version '192528614'; Build Type 'Release'
OS: 'Windows 10 Pro; OS build 19045.4412; Version 2009; 64bit' Language: 'ko' Physical Memory: 32601 MB
BatchMode: 1, IsHumanControllingUs: 0, StartBugReporterOnCrash: 0, Is64bit: 1, IsPro: 0

COMMAND LINE ARGUMENTS:
D:\Program Files\Unity 2020.3.20f1\Editor\Unity.exe
-adb2
-batchMode
-noUpm
-name
AssetImportWorker0
-projectPath
D:/dbstj/gitHub/HaneolSimul/PuddingThief
-logFile
Logs/AssetImportWorker0.log
-srvPort
54795
Successfully changed project path to: D:/dbstj/gitHub/HaneolSimul/PuddingThief
D:/dbstj/gitHub/HaneolSimul/PuddingThief
Using Asset Import Pipeline V2.
Refreshing native plugins compatible for Editor in 26.51 ms, found 3 plugins.
Preloading 0 native plugins for Editor in 0.00 ms.
Initialize engine version: 2020.3.20f1 (41c4e627c95f)
[Subsystems] Discovering subsystems at path D:/Program Files/Unity 2020.3.20f1/Editor/Data/Resources/UnitySubsystems
[Subsystems] Discovering subsystems at path D:/dbstj/gitHub/HaneolSimul/PuddingThief/Assets
GfxDevice: creating device client; threaded=0
Direct3D:
    Version:  Direct3D 11.0 [level 11.1]
    Renderer: NVIDIA GeForce RTX 2080 SUPER (ID=0x1e81)
    Vendor:   
    VRAM:     8001 MB
    Driver:   31.0.15.3623
Initialize mono
Mono path[0] = 'D:/Program Files/Unity 2020.3.20f1/Editor/Data/Managed'
Mono path[1] = 'D:/Program Files/Unity 2020.3.20f1/Editor/Data/MonoBleedingEdge/lib/mono/unityjit'
Mono config path = 'D:/Program Files/Unity 2020.3.20f1/Editor/Data/MonoBleedingEdge/etc'
Using monoOptions --debugger-agent=transport=dt_socket,embedding=1,server=y,suspend=n,address=127.0.0.1:56396
Begin MonoManager ReloadAssembly
Registering precompiled unity dll's ...
Register platform support module: D:/Program Files/Unity 2020.3.20f1/Editor/Data/PlaybackEngines/WindowsStandaloneSupport/UnityEditor.WindowsStandalone.Extensions.dll
Registered in 0.000698 seconds.
Native extension for WindowsStandalone target not found
Refreshing native plugins compatible for Editor in 28.97 ms, found 3 plugins.
Preloading 0 native plugins for Editor in 0.00 ms.
Mono: successfully reloaded assembly
- Completed reload, in  0.607 seconds
Domain Reload Profiling:
	ReloadAssembly (607ms)
		BeginReloadAssembly (40ms)
			ExecutionOrderSort (0ms)
			DisableScriptedObjects (0ms)
			BackupInstance (0ms)
			ReleaseScriptingObjects (0ms)
			CreateAndSetChildDomain (1ms)
		EndReloadAssembly (277ms)
			LoadAssemblies (40ms)
			RebuildTransferFunctionScriptingTraits (0ms)
			SetupTypeCache (91ms)
			ReleaseScriptCaches (0ms)
			RebuildScriptCaches (21ms)
			SetupLoadedEditorAssemblies (115ms)
				LogAssemblyErrors (0ms)
				InitializePlatformSupportModulesInManaged (3ms)
				SetLoadedEditorAssemblies (0ms)
				RefreshPlugins (29ms)
				BeforeProcessingInitializeOnLoad (11ms)
				ProcessInitializeOnLoadAttributes (53ms)
				ProcessInitializeOnLoadMethodAttributes (19ms)
				AfterProcessingInitializeOnLoad (0ms)
				EditorAssembliesLoaded (0ms)
			ExecutionOrderSort2 (0ms)
			AwakeInstancesAfterBackupRestoration (0ms)
Platform modules already initialized, skipping
Registering precompiled user dll's ...
Registered in 0.001640 seconds.
Begin MonoManager ReloadAssembly
Native extension for WindowsStandalone target not found
Refreshing native plugins compatible for Editor in 27.31 ms, found 3 plugins.
Preloading 0 native plugins for Editor in 0.00 ms.
Mono: successfully reloaded assembly
- Completed reload, in  0.726 seconds
Domain Reload Profiling:
	ReloadAssembly (727ms)
		BeginReloadAssembly (98ms)
			ExecutionOrderSort (0ms)
			DisableScriptedObjects (3ms)
			BackupInstance (0ms)
			ReleaseScriptingObjects (0ms)
			CreateAndSetChildDomain (12ms)
		EndReloadAssembly (590ms)
			LoadAssemblies (66ms)
			RebuildTransferFunctionScriptingTraits (0ms)
			SetupTypeCache (186ms)
			ReleaseScriptCaches (0ms)
			RebuildScriptCaches (32ms)
			SetupLoadedEditorAssemblies (224ms)
				LogAssemblyErrors (0ms)
				InitializePlatformSupportModulesInManaged (3ms)
				SetLoadedEditorAssemblies (0ms)
				RefreshPlugins (27ms)
				BeforeProcessingInitializeOnLoad (49ms)
				ProcessInitializeOnLoadAttributes (135ms)
				ProcessInitializeOnLoadMethodAttributes (8ms)
				AfterProcessingInitializeOnLoad (1ms)
				EditorAssembliesLoaded (0ms)
			ExecutionOrderSort2 (0ms)
			AwakeInstancesAfterBackupRestoration (4ms)
Platform modules already initialized, skipping
========================================================================
Worker process is ready to serve import requests
Launched and connected shader compiler UnityShaderCompiler.exe after 0.03 seconds
Refreshing native plugins compatible for Editor in 0.30 ms, found 3 plugins.
Preloading 0 native plugins for Editor in 0.00 ms.
Unloading 2093 Unused Serialized files (Serialized files now loaded: 0)
System memory in use before: 93.1 MB.
System memory in use after: 93.2 MB.

Unloading 26 unused Assets to reduce memory usage. Loaded Objects now: 2532.
Total: 2.114000 ms (FindLiveObjects: 0.136900 ms CreateObjectMapping: 0.041200 ms MarkObjects: 1.814700 ms  DeleteObjects: 0.120400 ms)

AssetImportParameters requested are different than current active one (requested -> active):
  custom:framework-win-MediaFoundation: 216162199b28c13a410421893ffa2e32 -> 
  custom:video-decoder-ogg-theora: a1e56fd34408186e4bbccfd4996cb3dc -> 
  custom:container-muxer-webm: aa71ff27fc2769a1b78a27578f13a17b -> 
  custom:container-demuxer-webm: 4f35f7cbe854078d1ac9338744f61a02 -> 
  custom:container-demuxer-ogg: 62fdf1f143b41e24485cea50d1cbac27 -> 
  custom:video-encoder-webm-vp8: eb34c28f22e8b96e1ab97ce403110664 -> 
  custom:video-decoder-webm-vp8: 9c59270c3fd7afecdb556c50c9e8de78 -> 
  custom:audio-decoder-ogg-vorbis: bf7c407c2cedff20999df2af8eb42d56 -> 
  custom:audio-encoder-webm-vorbis: bf7c407c2cedff20999df2af8eb42d56 -> 
========================================================================
Received Import Request.
  path: Assets/Scenes
  artifactKey: Guid(22f84a58dec95494cb3c9c66c55176ab) Importer(815301076,1909f56bfc062723c751e8b465ee728b)
Start importing Assets/Scenes using Guid(22f84a58dec95494cb3c9c66c55176ab) Importer(815301076,1909f56bfc062723c751e8b465ee728b)  -> (artifact id: 'c8e4fd41ebfdbfb4c68e9bb319fbc58f') in 0.007685 seconds 
  Import took 0.018313 seconds .

========================================================================
Received Import Request.
  Time since last request: 36.753468 seconds.
  path: Assets/Scenes/puzzleScene.unity
  artifactKey: Guid(88177222866702d47b4181692ac9e73b) Importer(815301076,1909f56bfc062723c751e8b465ee728b)
Start importing Assets/Scenes/puzzleScene.unity using Guid(88177222866702d47b4181692ac9e73b) Importer(815301076,1909f56bfc062723c751e8b465ee728b)  -> (artifact id: 'b48a369abe65f5a3f4b4b060d73f8906') in 0.011258 seconds 
  Import took 0.015024 seconds .

========================================================================
Received Import Request.
  Time since last request: 7.646586 seconds.
  path: Assets/Scenes/PuzzleScene.unity
  artifactKey: Guid(88177222866702d47b4181692ac9e73b) Importer(815301076,1909f56bfc062723c751e8b465ee728b)
Start importing Assets/Scenes/PuzzleScene.unity using Guid(88177222866702d47b4181692ac9e73b) Importer(815301076,1909f56bfc062723c751e8b465ee728b)  -> (artifact id: '5508d8ed17c72aaf87c04ef0af2ad2b4') in 0.005169 seconds 
  Import took 0.007655 seconds .

========================================================================
Received Import Request.
  Time since last request: 1076.884609 seconds.
  path: Assets
  artifactKey: Guid(00000000000000001000000000000000) Importer(815301076,1909f56bfc062723c751e8b465ee728b)
Start importing Assets using Guid(00000000000000001000000000000000) Importer(815301076,1909f56bfc062723c751e8b465ee728b)  -> (artifact id: '42d402b061de3733987d63b9cc3b64de') in 0.005329 seconds 
  Import took 0.016668 seconds .

========================================================================
Received Import Request.
  Time since last request: 4.818905 seconds.
  path: Assets/Image
  artifactKey: Guid(35e7d584bac643e4db2467e38ef016b6) Importer(815301076,1909f56bfc062723c751e8b465ee728b)
Start importing Assets/Image using Guid(35e7d584bac643e4db2467e38ef016b6) Importer(815301076,1909f56bfc062723c751e8b465ee728b)  -> (artifact id: '5511b84dce9cb6ea1dad0d87a7202672') in 0.004980 seconds 
  Import took 0.007253 seconds .

========================================================================
Received Import Request.
  Time since last request: 6.642544 seconds.
  path: Assets/Image/background.png
  artifactKey: Guid(7391d60a7c0db2445ba52cc255c05576) Importer(815301076,1909f56bfc062723c751e8b465ee728b)
Start importing Assets/Image/background.png using Guid(7391d60a7c0db2445ba52cc255c05576) Importer(815301076,1909f56bfc062723c751e8b465ee728b)  -> (artifact id: '30f9df15e1c6d42dd575e51f8158017b') in 0.080721 seconds 
  Import took 0.083329 seconds .

========================================================================
Received Import Request.
  Time since last request: 0.000253 seconds.
  path: Assets/Image/BlueCurtain_open.png
  artifactKey: Guid(6e654253ffee3984aae3be87e79c3fbf) Importer(815301076,1909f56bfc062723c751e8b465ee728b)
Start importing Assets/Image/BlueCurtain_open.png using Guid(6e654253ffee3984aae3be87e79c3fbf) Importer(815301076,1909f56bfc062723c751e8b465ee728b)  -> (artifact id: '4d89f71cd047e98931efb6b8a47a8fe4') in 0.011672 seconds 
  Import took 0.013895 seconds .

========================================================================
Received Import Request.
  Time since last request: 0.000278 seconds.
  path: Assets/Image/RedCurtain_result.png
  artifactKey: Guid(979a3b71dd00e8d49a226c6fba8d991a) Importer(815301076,1909f56bfc062723c751e8b465ee728b)
Start importing Assets/Image/RedCurtain_result.png using Guid(979a3b71dd00e8d49a226c6fba8d991a) Importer(815301076,1909f56bfc062723c751e8b465ee728b)  -> (artifact id: 'f0bce81f01d760173c8946f50d0b70d8') in 0.013126 seconds 
  Import took 0.015818 seconds .

========================================================================
Received Import Request.
  Time since last request: 0.000187 seconds.
  path: Assets/Image/BlueCurtain_close.png
  artifactKey: Guid(6acd30b2485588345b9687aaa253ba93) Importer(815301076,1909f56bfc062723c751e8b465ee728b)
Start importing Assets/Image/BlueCurtain_close.png using Guid(6acd30b2485588345b9687aaa253ba93) Importer(815301076,1909f56bfc062723c751e8b465ee728b)  -> (artifact id: '47de200e58b320f5dc09ae6e77a1b57b') in 0.012470 seconds 
  Import took 0.014943 seconds .

========================================================================
Received Import Request.
  Time since last request: 0.000167 seconds.
  path: Assets/Image/RedCurtain_close.png
  artifactKey: Guid(b5121676edaa42540a5b60c80eaa5004) Importer(815301076,1909f56bfc062723c751e8b465ee728b)
Start importing Assets/Image/RedCurtain_close.png using Guid(b5121676edaa42540a5b60c80eaa5004) Importer(815301076,1909f56bfc062723c751e8b465ee728b)  -> (artifact id: '7e3d0d3bff61ba7184dbd7721d7308be') in 0.011432 seconds 
  Import took 0.013900 seconds .

========================================================================
Received Import Request.
  Time since last request: 0.000187 seconds.
  path: Assets/Image/RedCurtain_open.png
  artifactKey: Guid(e8a628f4b97958d479589502988eb69b) Importer(815301076,1909f56bfc062723c751e8b465ee728b)
Start importing Assets/Image/RedCurtain_open.png using Guid(e8a628f4b97958d479589502988eb69b) Importer(815301076,1909f56bfc062723c751e8b465ee728b)  -> (artifact id: '897715f1c87f43d20311040ea4d7ef69') in 0.011342 seconds 
  Import took 0.013716 seconds .

========================================================================
Received Import Request.
  Time since last request: 0.000301 seconds.
  path: Assets/Image/BlueCurtain_result.png
  artifactKey: Guid(1d209c3ca3fa6784587117657f086d9f) Importer(815301076,1909f56bfc062723c751e8b465ee728b)
Start importing Assets/Image/BlueCurtain_result.png using Guid(1d209c3ca3fa6784587117657f086d9f) Importer(815301076,1909f56bfc062723c751e8b465ee728b)  -> (artifact id: '12107e34fb4e5e83e8b70e6286351a74') in 0.013117 seconds 
  Import took 0.015468 seconds .

AssetImportWorkerClient::OnTransportError - code=2 error=End of file
